# Logfile created on Sat May 22 10:41:18 +0300 2010  [4;36;1mSQL (0.0ms)[0m   [0;1mSET NAMES 'utf8'[0m
  [4;35;1mSQL (0.0ms)[0m   [0mSET SQL_AUTO_IS_NULL=0[0m
  [4;36;1mSQL (1.0ms)[0m   [0;1mSHOW TABLES[0m
  [4;35;1mSQL (24.0ms)[0m   [0mSELECT version FROM schema_migrations[0m
  [4;36;1mSQL (29.0ms)[0m   [0;1mDROP TABLE `users`[0m
  [4;35;1mSQL (28.0ms)[0m   [0mDELETE FROM schema_migrations WHERE version = '20100416094916'[0m
  [4;36;1mSQL (2.0ms)[0m   [0;1mSHOW TABLES[0m
  [4;35;1mSQL (0.0ms)[0m   [0mSELECT version FROM schema_migrations[0m
  [4;36;1mSQL (1.0ms)[0m   [0;1mSHOW TABLES[0m
  [4;35;1mSQL (5.0ms)[0m   [0mSHOW FIELDS FROM `steps`[0m
  [4;36;1mSQL (9.0ms)[0m   [0;1mdescribe `steps`[0m
  [4;35;1mSQL (4.0ms)[0m   [0mSHOW KEYS FROM `steps`[0m
  [4;36;1mSQL (1.0ms)[0m   [0;1mSHOW TABLES[0m
  [4;35;1mSQL (0.0ms)[0m   [0mSELECT version FROM schema_migrations[0m
  [4;36;1mSQL (90.0ms)[0m   [0;1mCREATE TABLE `users` (`id` int(11) DEFAULT NULL auto_increment PRIMARY KEY, `email` varchar(255) DEFAULT '' NOT NULL, `encrypted_password` varchar(128) DEFAULT '' NOT NULL, `password_salt` varchar(255) DEFAULT '' NOT NULL, `confirmation_token` varchar(255), `confirmed_at` datetime, `confirmation_sent_at` datetime, `reset_password_token` varchar(255), `remember_token` varchar(255), `remember_created_at` datetime, `sign_in_count` int(11) DEFAULT 0, `current_sign_in_at` datetime, `last_sign_in_at` datetime, `current_sign_in_ip` varchar(255), `last_sign_in_ip` varchar(255), `created_at` datetime, `updated_at` datetime) ENGINE=InnoDB[0m
  [4;35;1mSQL (17.0ms)[0m   [0mINSERT INTO schema_migrations (version) VALUES ('20100416094916')[0m
  [4;36;1mSQL (2.0ms)[0m   [0;1mSHOW TABLES[0m
  [4;35;1mSQL (0.0ms)[0m   [0mSELECT version FROM schema_migrations[0m
  [4;36;1mSQL (0.0ms)[0m   [0;1mSHOW TABLES[0m
  [4;35;1mSQL (3.0ms)[0m   [0mSHOW FIELDS FROM `steps`[0m
  [4;36;1mSQL (8.0ms)[0m   [0;1mdescribe `steps`[0m
  [4;35;1mSQL (4.0ms)[0m   [0mSHOW KEYS FROM `steps`[0m
  [4;36;1mSQL (4.0ms)[0m   [0;1mSHOW FIELDS FROM `users`[0m
  [4;35;1mSQL (17.0ms)[0m   [0mdescribe `users`[0m
  [4;36;1mSQL (12.0ms)[0m   [0;1mSHOW KEYS FROM `users`[0m
  [4;36;1mSQL (0.0ms)[0m   [0;1mSET NAMES 'utf8'[0m
  [4;35;1mSQL (0.0ms)[0m   [0mSET SQL_AUTO_IS_NULL=0[0m


Processing ManagerController#dashboard (for 127.0.0.1 at 2010-05-22 10:51:01) [GET]
  [4;36;1mUser Load (1.0ms)[0m   [0;1mSELECT * FROM `users` WHERE (`users`.`id` = 3) LIMIT 1[0m
  [4;35;1mSQL (0.0ms)[0m   [0mSET NAMES 'utf8'[0m
  [4;36;1mSQL (0.0ms)[0m   [0;1mSET SQL_AUTO_IS_NULL=0[0m


Processing SessionsController#new (for 127.0.0.1 at 2010-05-22 10:51:02) [GET]
  Parameters: {"unauthenticated"=>"true"}
  [4;35;1mUser Columns (4.0ms)[0m   [0mSHOW FIELDS FROM `users`[0m
Rendering template within layouts/manager
Rendering sessions/new
Rendered shared/_devise_links (3.0ms)

ActionView::TemplateError (You have a nil object when you didn't expect it!
The error occurred while evaluating nil.email) on line #6 of app/views/layouts/manager.html.erb:
3: 	<head>
4: 		<meta http-equiv="Content-type" content="text/html; charset=utf-8">
5: 		
6: 		<title>Steps - Project Manager <%= ": #{@subtitle}" unless @subtitle.nil? %> [<%=current_user.email%>]</title>
7: 		<%= stylesheet_link_tag "steps"%>
8: 		<link rel="shortcut icon" type="image/x-icon" href="/images/favicon.ico" /> 
9:         <link rel="icon" type="image/x-icon" href="/images/favicon.ico" />

    app/views/layouts/manager.html.erb:6
    devise (1.0.7) lib/devise/controllers/internal_helpers.rb:123:in `render_with_scope'
    devise (1.0.7) app/controllers/sessions_controller.rb:14:in `new'
    warden (0.10.5) lib/warden/manager.rb:35:in `call'
    warden (0.10.5) lib/warden/manager.rb:34:in `catch'
    warden (0.10.5) lib/warden/manager.rb:34:in `call'

Rendered rescues/_trace (79.0ms)
Rendered rescues/_request_and_response (3.0ms)
Rendering rescues/layout (internal_server_error)
  [4;36;1mSQL (0.0ms)[0m   [0;1mSET NAMES 'utf8'[0m
  [4;35;1mSQL (0.0ms)[0m   [0mSET SQL_AUTO_IS_NULL=0[0m


Processing SessionsController#new (for 127.0.0.1 at 2010-05-22 10:52:19) [GET]
  Parameters: {"unauthenticated"=>"true"}
  [4;36;1mUser Columns (5.0ms)[0m   [0;1mSHOW FIELDS FROM `users`[0m
Rendering template within layouts/manager
Rendering sessions/new
Rendered shared/_devise_links (1.0ms)

ActionView::TemplateError (You have a nil object when you didn't expect it!
The error occurred while evaluating nil.email) on line #6 of app/views/layouts/manager.html.erb:
3: 	<head>
4: 		<meta http-equiv="Content-type" content="text/html; charset=utf-8">
5: 		
6: 		<title>Steps - Project Manager <%= ": #{@subtitle}" unless @subtitle.nil? %> [<%=current_user.email%>]</title>
7: 		<%= stylesheet_link_tag "steps"%>
8: 		<link rel="shortcut icon" type="image/x-icon" href="/images/favicon.ico" /> 
9:         <link rel="icon" type="image/x-icon" href="/images/favicon.ico" />

    app/views/layouts/manager.html.erb:6
    devise (1.0.7) lib/devise/controllers/internal_helpers.rb:123:in `render_with_scope'
    devise (1.0.7) app/controllers/sessions_controller.rb:14:in `new'
    warden (0.10.5) lib/warden/manager.rb:35:in `call'
    warden (0.10.5) lib/warden/manager.rb:34:in `catch'
    warden (0.10.5) lib/warden/manager.rb:34:in `call'

Rendered rescues/_trace (76.0ms)
Rendered rescues/_request_and_response (1.0ms)
Rendering rescues/layout (internal_server_error)
  [4;35;1mSQL (0.0ms)[0m   [0mSET NAMES 'utf8'[0m
  [4;36;1mSQL (0.0ms)[0m   [0;1mSET SQL_AUTO_IS_NULL=0[0m


Processing SessionsController#new (for 127.0.0.1 at 2010-05-22 10:52:23) [GET]
  Parameters: {"unauthenticated"=>"true"}
  [4;35;1mUser Columns (23.0ms)[0m   [0mSHOW FIELDS FROM `users`[0m
Rendering template within layouts/manager
Rendering sessions/new
Rendered shared/_devise_links (1.0ms)

ActionView::TemplateError (You have a nil object when you didn't expect it!
The error occurred while evaluating nil.email) on line #6 of app/views/layouts/manager.html.erb:
3: 	<head>
4: 		<meta http-equiv="Content-type" content="text/html; charset=utf-8">
5: 		
6: 		<title>Steps - Project Manager <%= ": #{@subtitle}" unless @subtitle.nil? %> [<%=current_user.email%>]</title>
7: 		<%= stylesheet_link_tag "steps"%>
8: 		<link rel="shortcut icon" type="image/x-icon" href="/images/favicon.ico" /> 
9:         <link rel="icon" type="image/x-icon" href="/images/favicon.ico" />

    app/views/layouts/manager.html.erb:6
    devise (1.0.7) lib/devise/controllers/internal_helpers.rb:123:in `render_with_scope'
    devise (1.0.7) app/controllers/sessions_controller.rb:14:in `new'
    warden (0.10.5) lib/warden/manager.rb:35:in `call'
    warden (0.10.5) lib/warden/manager.rb:34:in `catch'
    warden (0.10.5) lib/warden/manager.rb:34:in `call'

Rendered rescues/_trace (76.0ms)
Rendered rescues/_request_and_response (0.0ms)
Rendering rescues/layout (internal_server_error)
  [4;36;1mSQL (1.0ms)[0m   [0;1mSET NAMES 'utf8'[0m
  [4;35;1mSQL (0.0ms)[0m   [0mSET SQL_AUTO_IS_NULL=0[0m


Processing SessionsController#new (for 127.0.0.1 at 2010-05-22 10:52:44) [GET]
  Parameters: {"unauthenticated"=>"true"}
  [4;36;1mUser Columns (4.0ms)[0m   [0;1mSHOW FIELDS FROM `users`[0m
Rendering template within layouts/manager
Rendering sessions/new
Rendered shared/_devise_links (1.0ms)

ActionView::TemplateError (You have a nil object when you didn't expect it!
The error occurred while evaluating nil.email) on line #6 of app/views/layouts/manager.html.erb:
3: 	<head>
4: 		<meta http-equiv="Content-type" content="text/html; charset=utf-8">
5: 		
6: 		<title>Steps - Project Manager <%= ": #{@subtitle}" unless @subtitle.nil? %> [<%=current_user.email%>]</title>
7: 		<%= stylesheet_link_tag "steps"%>
8: 		<link rel="shortcut icon" type="image/x-icon" href="/images/favicon.ico" /> 
9:         <link rel="icon" type="image/x-icon" href="/images/favicon.ico" />

    app/views/layouts/manager.html.erb:6
    devise (1.0.7) lib/devise/controllers/internal_helpers.rb:123:in `render_with_scope'
    devise (1.0.7) app/controllers/sessions_controller.rb:14:in `new'
    warden (0.10.5) lib/warden/manager.rb:35:in `call'
    warden (0.10.5) lib/warden/manager.rb:34:in `catch'
    warden (0.10.5) lib/warden/manager.rb:34:in `call'

Rendered rescues/_trace (135.0ms)
Rendered rescues/_request_and_response (1.0ms)
Rendering rescues/layout (internal_server_error)
  [4;35;1mSQL (1.0ms)[0m   [0mSET NAMES 'utf8'[0m
  [4;36;1mSQL (0.0ms)[0m   [0;1mSET SQL_AUTO_IS_NULL=0[0m


Processing SessionsController#new (for 127.0.0.1 at 2010-05-22 10:52:46) [GET]
  Parameters: {"unauthenticated"=>"true"}
  [4;35;1mUser Columns (4.0ms)[0m   [0mSHOW FIELDS FROM `users`[0m
Rendering template within layouts/manager
Rendering sessions/new
Rendered shared/_devise_links (1.0ms)

ActionView::TemplateError (You have a nil object when you didn't expect it!
The error occurred while evaluating nil.email) on line #6 of app/views/layouts/manager.html.erb:
3: 	<head>
4: 		<meta http-equiv="Content-type" content="text/html; charset=utf-8">
5: 		
6: 		<title>Steps - Project Manager <%= ": #{@subtitle}" unless @subtitle.nil? %> [<%=current_user.email%>]</title>
7: 		<%= stylesheet_link_tag "steps"%>
8: 		<link rel="shortcut icon" type="image/x-icon" href="/images/favicon.ico" /> 
9:         <link rel="icon" type="image/x-icon" href="/images/favicon.ico" />

    app/views/layouts/manager.html.erb:6
    devise (1.0.7) lib/devise/controllers/internal_helpers.rb:123:in `render_with_scope'
    devise (1.0.7) app/controllers/sessions_controller.rb:14:in `new'
    warden (0.10.5) lib/warden/manager.rb:35:in `call'
    warden (0.10.5) lib/warden/manager.rb:34:in `catch'
    warden (0.10.5) lib/warden/manager.rb:34:in `call'

Rendered rescues/_trace (140.0ms)
Rendered rescues/_request_and_response (0.0ms)
Rendering rescues/layout (internal_server_error)
  [4;36;1mSQL (0.0ms)[0m   [0;1mSET NAMES 'utf8'[0m
  [4;35;1mSQL (0.0ms)[0m   [0mSET SQL_AUTO_IS_NULL=0[0m


Processing SessionsController#new (for 127.0.0.1 at 2010-05-22 10:52:58) [GET]
  Parameters: {"unauthenticated"=>"true"}
  [4;36;1mUser Columns (4.0ms)[0m   [0;1mSHOW FIELDS FROM `users`[0m
Rendering template within layouts/manager
Rendering sessions/new
Rendered shared/_devise_links (1.0ms)

ActionView::TemplateError (You have a nil object when you didn't expect it!
The error occurred while evaluating nil.email) on line #6 of app/views/layouts/manager.html.erb:
3: 	<head>
4: 		<meta http-equiv="Content-type" content="text/html; charset=utf-8">
5: 		
6: 		<title>Steps - Project Manager <%= ": #{@subtitle}" unless @subtitle.nil? %> [<%=current_user.email%>]</title>
7: 		<%= stylesheet_link_tag "steps"%>
8: 		<link rel="shortcut icon" type="image/x-icon" href="/images/favicon.ico" /> 
9:         <link rel="icon" type="image/x-icon" href="/images/favicon.ico" />

    app/views/layouts/manager.html.erb:6
    devise (1.0.7) lib/devise/controllers/internal_helpers.rb:123:in `render_with_scope'
    devise (1.0.7) app/controllers/sessions_controller.rb:14:in `new'
    warden (0.10.5) lib/warden/manager.rb:35:in `call'
    warden (0.10.5) lib/warden/manager.rb:34:in `catch'
    warden (0.10.5) lib/warden/manager.rb:34:in `call'

Rendered rescues/_trace (140.0ms)
Rendered rescues/_request_and_response (0.0ms)
Rendering rescues/layout (internal_server_error)
  [4;35;1mSQL (0.0ms)[0m   [0mSET NAMES 'utf8'[0m
  [4;36;1mSQL (0.0ms)[0m   [0;1mSET SQL_AUTO_IS_NULL=0[0m


Processing SessionsController#new (for 127.0.0.1 at 2010-05-22 10:53:00) [GET]
  Parameters: {"unauthenticated"=>"true"}
  [4;35;1mUser Columns (5.0ms)[0m   [0mSHOW FIELDS FROM `users`[0m
Rendering template within layouts/manager
Rendering sessions/new
Rendered shared/_devise_links (1.0ms)

ActionView::TemplateError (You have a nil object when you didn't expect it!
The error occurred while evaluating nil.email) on line #6 of app/views/layouts/manager.html.erb:
3: 	<head>
4: 		<meta http-equiv="Content-type" content="text/html; charset=utf-8">
5: 		
6: 		<title>Steps - Project Manager <%= ": #{@subtitle}" unless @subtitle.nil? %> [<%=current_user.email%>]</title>
7: 		<%= stylesheet_link_tag "steps"%>
8: 		<link rel="shortcut icon" type="image/x-icon" href="/images/favicon.ico" /> 
9:         <link rel="icon" type="image/x-icon" href="/images/favicon.ico" />

    app/views/layouts/manager.html.erb:6
    devise (1.0.7) lib/devise/controllers/internal_helpers.rb:123:in `render_with_scope'
    devise (1.0.7) app/controllers/sessions_controller.rb:14:in `new'
    warden (0.10.5) lib/warden/manager.rb:35:in `call'
    warden (0.10.5) lib/warden/manager.rb:34:in `catch'
    warden (0.10.5) lib/warden/manager.rb:34:in `call'

Rendered rescues/_trace (148.0ms)
Rendered rescues/_request_and_response (0.0ms)
Rendering rescues/layout (internal_server_error)
  [4;36;1mSQL (0.0ms)[0m   [0;1mSET NAMES 'utf8'[0m
  [4;35;1mSQL (1.0ms)[0m   [0mSET SQL_AUTO_IS_NULL=0[0m


Processing SessionsController#new (for 127.0.0.1 at 2010-05-22 10:53:44) [GET]
  Parameters: {"unauthenticated"=>"true"}
  [4;36;1mUser Columns (6.0ms)[0m   [0;1mSHOW FIELDS FROM `users`[0m
Rendering template within layouts/manager
Rendering sessions/new
Rendered shared/_devise_links (1.0ms)
Rendered admin/_sidebar (2.0ms)
Completed in 49ms (View: 29, DB: 7) | 200 OK [http://localhost/users/sign_in?unauthenticated=true]
  [4;36;1mSQL (1.0ms)[0m   [0;1mSET NAMES 'utf8'[0m
  [4;35;1mSQL (0.0ms)[0m   [0mSET SQL_AUTO_IS_NULL=0[0m
  [4;36;1mSQL (62.0ms)[0m   [0;1mSHOW TABLES[0m
  [4;35;1mSQL (0.0ms)[0m   [0mSELECT version FROM schema_migrations[0m
  [4;36;1mSQL (0.0ms)[0m   [0;1mSHOW TABLES[0m
  [4;35;1mSQL (0.0ms)[0m   [0mSELECT version FROM schema_migrations[0m
Migrating to CreateSteps (20100416094636)
Migrating to CreateUsers (20100416094916)
Migrating to CreateSessions (20100507190940)
  [4;36;1mSQL (51.0ms)[0m   [0;1mCREATE TABLE `sessions` (`id` int(11) DEFAULT NULL auto_increment PRIMARY KEY, `session_id` varchar(255) NOT NULL, `data` text, `created_at` datetime, `updated_at` datetime) ENGINE=InnoDB[0m
  [4;35;1mSQL (182.0ms)[0m   [0mCREATE INDEX `index_sessions_on_session_id` ON `sessions` (`session_id`)[0m
  [4;36;1mSQL (91.0ms)[0m   [0;1mCREATE INDEX `index_sessions_on_updated_at` ON `sessions` (`updated_at`)[0m
  [4;35;1mSQL (19.0ms)[0m   [0mINSERT INTO schema_migrations (version) VALUES ('20100507190940')[0m
Migrating to AddAccessToStep (20100508114750)
  [4;36;1mSQL (2.0ms)[0m   [0;1mSHOW TABLES[0m
  [4;35;1mSQL (0.0ms)[0m   [0mSELECT version FROM schema_migrations[0m
  [4;36;1mSQL (1.0ms)[0m   [0;1mSHOW TABLES[0m
  [4;35;1mSQL (4.0ms)[0m   [0mSHOW FIELDS FROM `sessions`[0m
  [4;36;1mSQL (7.0ms)[0m   [0;1mdescribe `sessions`[0m
  [4;35;1mSQL (4.0ms)[0m   [0mSHOW KEYS FROM `sessions`[0m
  [4;36;1mSQL (4.0ms)[0m   [0;1mSHOW FIELDS FROM `steps`[0m
  [4;35;1mSQL (8.0ms)[0m   [0mdescribe `steps`[0m
  [4;36;1mSQL (4.0ms)[0m   [0;1mSHOW KEYS FROM `steps`[0m
  [4;35;1mSQL (3.0ms)[0m   [0mSHOW FIELDS FROM `users`[0m
  [4;36;1mSQL (17.0ms)[0m   [0;1mdescribe `users`[0m
  [4;35;1mSQL (12.0ms)[0m   [0mSHOW KEYS FROM `users`[0m
  [4;36;1mSQL (0.0ms)[0m   [0;1mSET NAMES 'utf8'[0m
  [4;35;1mSQL (0.0ms)[0m   [0mSET SQL_AUTO_IS_NULL=0[0m
  [4;36;1mSQL (1.0ms)[0m   [0;1mSHOW TABLES[0m
  [4;35;1mSQL (0.0ms)[0m   [0mSELECT version FROM schema_migrations[0m
  [4;36;1mSQL (1.0ms)[0m   [0;1mSHOW TABLES[0m
  [4;35;1mSQL (0.0ms)[0m   [0mSELECT version FROM schema_migrations[0m
Migrating to CreateSteps (20100416094636)
Migrating to CreateUsers (20100416094916)
Migrating to CreateSessions (20100507190940)
Migrating to AddAccessToStep (20100508114750)
  [4;36;1mSQL (2.0ms)[0m   [0;1mSHOW TABLES[0m
  [4;35;1mSQL (0.0ms)[0m   [0mSELECT version FROM schema_migrations[0m
  [4;36;1mSQL (0.0ms)[0m   [0;1mSHOW TABLES[0m
  [4;35;1mSQL (3.0ms)[0m   [0mSHOW FIELDS FROM `sessions`[0m
  [4;36;1mSQL (7.0ms)[0m   [0;1mdescribe `sessions`[0m
  [4;35;1mSQL (4.0ms)[0m   [0mSHOW KEYS FROM `sessions`[0m
  [4;36;1mSQL (4.0ms)[0m   [0;1mSHOW FIELDS FROM `steps`[0m
  [4;35;1mSQL (9.0ms)[0m   [0mdescribe `steps`[0m
  [4;36;1mSQL (5.0ms)[0m   [0;1mSHOW KEYS FROM `steps`[0m
  [4;35;1mSQL (4.0ms)[0m   [0mSHOW FIELDS FROM `users`[0m
  [4;36;1mSQL (19.0ms)[0m   [0;1mdescribe `users`[0m
  [4;35;1mSQL (10.0ms)[0m   [0mSHOW KEYS FROM `users`[0m
  [4;36;1mSQL (0.0ms)[0m   [0;1mSET NAMES 'utf8'[0m
  [4;35;1mSQL (0.0ms)[0m   [0mSET SQL_AUTO_IS_NULL=0[0m
  [4;36;1mSQL (1.0ms)[0m   [0;1mSHOW TABLES[0m
  [4;35;1mSQL (0.0ms)[0m   [0mSELECT version FROM schema_migrations[0m
  [4;36;1mSQL (0.0ms)[0m   [0;1mSET NAMES 'utf8'[0m
  [4;35;1mSQL (0.0ms)[0m   [0mSET SQL_AUTO_IS_NULL=0[0m
  [4;36;1mSQL (1.0ms)[0m   [0;1mSHOW TABLES[0m
  [4;35;1mSQL (1.0ms)[0m   [0mSELECT version FROM schema_migrations[0m
Migrating to CreateSteps (20100416094636)
Migrating to CreateUsers (20100416094916)
Migrating to CreateSessions (20100507190940)
Migrating to AddAccessToStep (20100508114750)
  [4;36;1mSQL (1.0ms)[0m   [0;1mSHOW TABLES[0m
  [4;35;1mSQL (0.0ms)[0m   [0mSELECT version FROM schema_migrations[0m
  [4;36;1mSQL (2.0ms)[0m   [0;1mSHOW TABLES[0m
  [4;35;1mSQL (4.0ms)[0m   [0mSHOW FIELDS FROM `sessions`[0m
  [4;36;1mSQL (7.0ms)[0m   [0;1mdescribe `sessions`[0m
  [4;35;1mSQL (3.0ms)[0m   [0mSHOW KEYS FROM `sessions`[0m
  [4;36;1mSQL (3.0ms)[0m   [0;1mSHOW FIELDS FROM `steps`[0m
  [4;35;1mSQL (8.0ms)[0m   [0mdescribe `steps`[0m
  [4;36;1mSQL (4.0ms)[0m   [0;1mSHOW KEYS FROM `steps`[0m
  [4;35;1mSQL (3.0ms)[0m   [0mSHOW FIELDS FROM `users`[0m
  [4;36;1mSQL (15.0ms)[0m   [0;1mdescribe `users`[0m
  [4;35;1mSQL (10.0ms)[0m   [0mSHOW KEYS FROM `users`[0m
